<?xml version="1.0" encoding="UTF-8"?>
<!-- Generated by org.testng.reporters.JUnitReportReporter -->
<testsuite hostname="DESKTOP-207OAIP" failures="0" tests="1" name="testCases.TC_001_AccountRegistrationTest" time="4.475" errors="0" timestamp="2023-09-18T17:49:06 IST" skipped="0">
  <testcase classname="testCases.TC_001_AccountRegistrationTest" name="testAccountRegistration" time="4.475"/>
</testsuite> <!-- testCases.TC_001_AccountRegistrationTest -->
