<?xml version="1.0" encoding="UTF-8"?>
<!-- Generated by org.testng.reporters.JUnitReportReporter -->
<testsuite hostname="DESKTOP-207OAIP" failures="0" tests="1" name="testCases.TC_002_LoginTest" time="1.968" errors="0" timestamp="2023-09-18T17:44:13 IST" skipped="0">
  <testcase classname="testCases.TC_002_LoginTest" name="testLogin" time="1.968"/>
</testsuite> <!-- testCases.TC_002_LoginTest -->
